<?xml version="1.0" encoding="UTF-8"?>
<!-- Generated by org.testng.reporters.JUnitReportReporter -->
<testsuite skipped="0" hostname="LAPTOP-5D5VFHRM" name="com.selenium.grid.OpenSeleniumGrid" tests="2" failures="0" timestamp="01 Oct 2021 10:46:20 GMT" time="35.883" errors="0">
  <testcase name="testGooglePageTitle" time="30.468" classname="com.selenium.grid.OpenSeleniumGrid"/>
  <testcase name="testGooglePageTitle" time="5.415" classname="com.selenium.grid.OpenSeleniumGrid"/>
</testsuite> <!-- com.selenium.grid.OpenSeleniumGrid -->
